<?xml version="1.0" encoding="UTF-8"?>
<!-- Generated by org.testng.reporters.JUnitReportReporter -->
<testsuite hostname="TRD-LAP-037" failures="0" tests="1" name="qa.tests.Testcase1" time="17.950" errors="0" timestamp="2024-05-28T19:19:09 IST" skipped="0">
  <testcase classname="qa.tests.Testcase1" name="sampleMethodForEnteringCredentials" time="17.950"/>
  <system-out/>
</testsuite> <!-- qa.tests.Testcase1 -->
