<?xml version="1.0" encoding="UTF-8"?>
<!-- Generated by org.testng.reporters.JUnitReportReporter -->
<testsuite hostname="TRD-LAP-037" failures="0" tests="1" name="qa.tests.TestCase2" time="0.741" errors="0" timestamp="2024-05-28T19:09:58 IST" skipped="0">
  <testcase classname="qa.tests.TestCase2" name="readExcelTest" time="0.741"/>
  <system-out/>
</testsuite> <!-- qa.tests.TestCase2 -->
